<?xml version="1.0" encoding="UTF-8"?>
<testsuite name="Create an account" tests="1" skipped="0" failures="0" errors="0" timestamp="2020-11-29T16:53:24" hostname="DESKTOP-65CT84A" time="20.294">
  <properties/>
  <testcase name="User can create an account" classname="Create an account" time="20.294"/>
  <system-out><![CDATA[]]></system-out>
  <system-err><![CDATA[nov 29, 2020 11:53:24 AM org.openqa.selenium.remote.DesiredCapabilities chrome
INFORMACIÓN: Using `new ChromeOptions()` is preferred to `DesiredCapabilities.chrome()`
Starting ChromeDriver 87.0.4280.20 (c99e81631faa0b2a448e658c0dbd8311fb04ddbd-refs/branch-heads/4280@{#355}) on port 16544
Only local connections are allowed.
Please see https://chromedriver.chromium.org/security-considerations for suggestions on keeping ChromeDriver safe.
ChromeDriver was started successfully.
nov 29, 2020 11:53:28 AM org.openqa.selenium.remote.ProtocolHandshake createSession
INFORMACIÓN: Detected dialect: W3C
]]></system-err>
</testsuite>
