<?xml version="1.0" encoding="UTF-8"?>
<testsuite name="Buy a garment" tests="1" skipped="0" failures="0" errors="0" timestamp="2020-11-29T16:52:48" hostname="DESKTOP-65CT84A" time="33.562">
  <properties/>
  <testcase name="User logIn and buys a garment" classname="Buy a garment" time="33.562"/>
  <system-out><![CDATA[]]></system-out>
  <system-err><![CDATA[nov 29, 2020 11:52:49 AM org.openqa.selenium.remote.DesiredCapabilities chrome
INFORMACIÓN: Using `new ChromeOptions()` is preferred to `DesiredCapabilities.chrome()`
Starting ChromeDriver 87.0.4280.20 (c99e81631faa0b2a448e658c0dbd8311fb04ddbd-refs/branch-heads/4280@{#355}) on port 10268
Only local connections are allowed.
Please see https://chromedriver.chromium.org/security-considerations for suggestions on keeping ChromeDriver safe.
ChromeDriver was started successfully.
nov 29, 2020 11:52:54 AM org.openqa.selenium.remote.ProtocolHandshake createSession
INFORMACIÓN: Detected dialect: W3C
]]></system-err>
</testsuite>
